<?xml version="1.0" encoding="UTF-8"?>
<!-- Generated by org.testng.reporters.JUnitReportReporter -->
<testsuite hostname="Rehansgamingdevice" failures="0" tests="1" name="testCases.TC002_verify_thumbnail_label" time="8.988" errors="0" timestamp="2025-04-01T16:52:08 IST" skipped="0">
  <testcase classname="testCases.TC002_verify_thumbnail_label" name="verify_thumbnail_label" time="8.988"/>
  <system-out/>
</testsuite> <!-- testCases.TC002_verify_thumbnail_label -->
